app/build/outputs/logs/manifest-merger-release-report.txt
-- Merging decision tree log ---
manifest
ADDED from src\main\AndroidManifest.xml:2:1-44:12
INJECTED from src\main\AndroidManifest.xml:2:1-44:12
INJECTED from src\main\AndroidManifest.xml:2:1-44:12
INJECTED from src\main\AndroidManifest.xml:2:1-44:12
MERGED from [com.bugtags.library:bugtags-lib:3.0.0] AndroidManifest.xml:2:1-44:12
MERGED from [io.reactivex:rxandroid:1.2.1] AndroidManifest.xml:15:1-21:12
MERGED from [cn.carbs.android:AvatarImageView:1.0.4] AndroidManifest.xml:2:1-12:12
MERGED from [com.zzhoujay.markdown:markdown:1.0.5] AndroidManifest.xml:2:1-14:12
MERGED from [com.android.support:multidex:1.0.1] AndroidManifest.xml:16:1-19:12
MERGED from [com.bennyhuo.swipefinishable:swipefinishable:1.0-rc2] AndroidManifest.xml:2:1-17:12
MERGED from [com.airbnb.android:lottie:2.0.0-beta4] AndroidManifest.xml:2:1-12:12
MERGED from [jp.wasabeef:glide-transformations:2.0.2] AndroidManifest.xml:2:1-12:12
MERGED from [com.yanzhenjie:sofia:1.0.5] AndroidManifest.xml:17:1-24:12
MERGED from [com.scwang.smartrefresh:SmartRefreshLayout:1.0.4] AndroidManifest.xml:2:1-17:12
MERGED from [com.scwang.smartrefresh:SmartRefreshHeader:1.0.4] AndroidManifest.xml:2:1-17:12
MERGED from [com.android.support:design:27.0.0] AndroidManifest.xml:17:1-22:12
MERGED from [com.android.support:appcompat-v7:27.0.0] AndroidManifest.xml:17:1-22:12
MERGED from [com.android.support.constraint:constraint-layout:1.1.3] AndroidManifest.xml:2:1-11:12
MERGED from [jp.co.cyberagent.android.gpuimage:gpuimage-library:1.4.1] AndroidManifest.xml:2:1-12:12
MERGED from [com.android.support:support-v4:27.0.0] AndroidManifest.xml:17:1-22:12
MERGED from [com.android.support:recyclerview-v7:27.0.0] AndroidManifest.xml:17:1-22:12
MERGED from [com.android.support:transition:27.0.0] AndroidManifest.xml:17:1-22:12
MERGED from [com.android.support:support-fragment:27.0.0] AndroidManifest.xml:17:1-22:12
MERGED from [com.android.support:animated-vector-drawable:27.0.0] AndroidManifest.xml:17:1-22:12
MERGED from [com.android.support:support-core-ui:27.0.0] AndroidManifest.xml:17:1-22:12
MERGED from [com.android.support:support-core-utils:27.0.0] AndroidManifest.xml:17:1-22:12
MERGED from [com.android.support:support-vector-drawable:27.0.0] AndroidManifest.xml:17:1-22:12
MERGED from [com.android.support:support-media-compat:27.0.0] AndroidManifest.xml:17:1-22:12
MERGED from [com.android.support:support-compat:27.0.0] AndroidManifest.xml:17:1-22:12
MERGED from [android.arch.lifecycle:runtime:1.0.0] AndroidManifest.xml:17:1-30:12
INJECTED from src\main\AndroidManifest.xml:2:1-44:12
INJECTED from src\main\AndroidManifest.xml:2:1-44:12
INJECTED from src\main\AndroidManifest.xml:2:1-44:12
	package
		ADDED from src\main\AndroidManifest.xml:3:5-37
		INJECTED from src\main\AndroidManifest.xml
		INJECTED from src\main\AndroidManifest.xml
	android:versionName
		INJECTED from src\main\AndroidManifest.xml
		ADDED from src\main\AndroidManifest.xml:2:1-44:12
		INJECTED from src\main\AndroidManifest.xml
	android:versionCode
		INJECTED from src\main\AndroidManifest.xml
		ADDED from src\main\AndroidManifest.xml:2:1-44:12
		INJECTED from src\main\AndroidManifest.xml
	xmlns:android
		ADDED from src\main\AndroidManifest.xml:2:11-69
uses-permission#android.permission.GET_ACCOUNTS
ADDED from src\main\AndroidManifest.xml:6:5-71
	android:name
		ADDED from src\main\AndroidManifest.xml:6:22-68
uses-permission#android.permission.READ_PROFILE
ADDED from src\main\AndroidManifest.xml:7:5-71
	android:name
		ADDED from src\main\AndroidManifest.xml:7:22-68
uses-permission#android.permission.READ_CONTACTS
ADDED from src\main\AndroidManifest.xml:8:5-72
	android:name
		ADDED from src\main\AndroidManifest.xml:8:22-69
uses-permission#android.permission.INTERNET
ADDED from src\main\AndroidManifest.xml:9:5-67
MERGED from [com.bugtags.library:bugtags-lib:3.0.0] AndroidManifest.xml:22:5-67
MERGED from [com.bugtags.library:bugtags-lib:3.0.0] AndroidManifest.xml:22:5-67
	android:name
		ADDED from src\main\AndroidManifest.xml:9:22-64
uses-permission#android.permission.READ_PHONE_STATE
ADDED from src\main\AndroidManifest.xml:10:5-75
	android:name
		ADDED from src\main\AndroidManifest.xml:10:22-72
uses-permission#android.permission.ACCESS_NETWORK_STATE
ADDED from src\main\AndroidManifest.xml:11:5-79
MERGED from [com.bugtags.library:bugtags-lib:3.0.0] AndroidManifest.xml:24:5-79
MERGED from [com.bugtags.library:bugtags-lib:3.0.0] AndroidManifest.xml:24:5-79
	android:name
		ADDED from src\main\AndroidManifest.xml:11:22-76
uses-permission#android.permission.ACCESS_WIFI_STATE
ADDED from src\main\AndroidManifest.xml:12:5-76
MERGED from [com.bugtags.library:bugtags-lib:3.0.0] AndroidManifest.xml:23:5-76
MERGED from [com.bugtags.library:bugtags-lib:3.0.0] AndroidManifest.xml:23:5-76
	android:name
		ADDED from src\main\AndroidManifest.xml:12:22-73
uses-permission#android.permission.READ_LOGS
ADDED from src\main\AndroidManifest.xml:13:5-68
MERGED from [com.bugtags.library:bugtags-lib:3.0.0] AndroidManifest.xml:27:5-68
MERGED from [com.bugtags.library:bugtags-lib:3.0.0] AndroidManifest.xml:27:5-68
	android:name
		ADDED from src\main\AndroidManifest.xml:13:22-65
application
ADDED from src\main\AndroidManifest.xml:15:5-42:19
MERGED from [com.bugtags.library:bugtags-lib:3.0.0] AndroidManifest.xml:29:5-42:19
MERGED from [com.bugtags.library:bugtags-lib:3.0.0] AndroidManifest.xml:29:5-42:19
MERGED from [com.zzhoujay.markdown:markdown:1.0.5] AndroidManifest.xml:12:5-20
MERGED from [com.zzhoujay.markdown:markdown:1.0.5] AndroidManifest.xml:12:5-20
MERGED from [com.bennyhuo.swipefinishable:swipefinishable:1.0-rc2] AndroidManifest.xml:11:5-15:19
MERGED from [com.bennyhuo.swipefinishable:swipefinishable:1.0-rc2] AndroidManifest.xml:11:5-15:19
MERGED from [com.airbnb.android:lottie:2.0.0-beta4] AndroidManifest.xml:10:5-20
MERGED from [com.airbnb.android:lottie:2.0.0-beta4] AndroidManifest.xml:10:5-20
MERGED from [com.scwang.smartrefresh:SmartRefreshLayout:1.0.4] AndroidManifest.xml:11:5-15:19
MERGED from [com.scwang.smartrefresh:SmartRefreshLayout:1.0.4] AndroidManifest.xml:11:5-15:19
MERGED from [com.scwang.smartrefresh:SmartRefreshHeader:1.0.4] AndroidManifest.xml:11:5-15:19
MERGED from [com.scwang.smartrefresh:SmartRefreshHeader:1.0.4] AndroidManifest.xml:11:5-15:19
MERGED from [com.android.support.constraint:constraint-layout:1.1.3] AndroidManifest.xml:9:5-20
MERGED from [com.android.support.constraint:constraint-layout:1.1.3] AndroidManifest.xml:9:5-20
MERGED from [android.arch.lifecycle:runtime:1.0.0] AndroidManifest.xml:24:5-28:19
MERGED from [android.arch.lifecycle:runtime:1.0.0] AndroidManifest.xml:24:5-28:19
	android:supportsRtl
		ADDED from src\main\AndroidManifest.xml:21:9-35
	android:label
		ADDED from src\main\AndroidManifest.xml:19:9-41
	android:roundIcon
		ADDED from src\main\AndroidManifest.xml:20:9-43
	android:icon
		ADDED from src\main\AndroidManifest.xml:18:9-38
	android:allowBackup
		ADDED from src\main\AndroidManifest.xml:17:9-35
	android:theme
		ADDED from src\main\AndroidManifest.xml:22:9-40
	android:name
		ADDED from src\main\AndroidManifest.xml:16:9-32
activity#github.nixo.com.MVP.View.auth.LoginActivity
ADDED from src\main\AndroidManifest.xml:23:9-29:20
	android:label
		ADDED from src\main\AndroidManifest.xml:25:13-34
	android:windowSoftInputMode
		ADDED from src\main\AndroidManifest.xml:26:13-54
	android:name
		ADDED from src\main\AndroidManifest.xml:24:13-71
activity#github.nixo.com.MVP.View.MainActivity
ADDED from src\main\AndroidManifest.xml:30:9-38:20
	android:windowSoftInputMode
		ADDED from src\main\AndroidManifest.xml:31:13-60
	android:name
		ADDED from src\main\AndroidManifest.xml:30:19-71
intent-filter#action:name:android.intent.action.MAIN+category:name:android.intent.category.LAUNCHER
ADDED from src\main\AndroidManifest.xml:33:13-37:29
action#android.intent.action.MAIN
ADDED from src\main\AndroidManifest.xml:34:17-69
	android:name
		ADDED from src\main\AndroidManifest.xml:34:25-66
category#android.intent.category.LAUNCHER
ADDED from src\main\AndroidManifest.xml:36:17-77
	android:name
		ADDED from src\main\AndroidManifest.xml:36:27-74
activity#github.nixo.com.MVP.View.auth.RegisterActivity
ADDED from src\main\AndroidManifest.xml:39:9-83
	android:name
		ADDED from src\main\AndroidManifest.xml:39:19-80
activity#github.nixo.com.MVP.View.auth.UserActivity
ADDED from src\main\AndroidManifest.xml:40:9-78
	android:name
		ADDED from src\main\AndroidManifest.xml:40:19-76
activity#github.nixo.com.MVP.View.MDTextActivity
ADDED from src\main\AndroidManifest.xml:41:9-75
	android:name
		ADDED from src\main\AndroidManifest.xml:41:19-73
uses-sdk
INJECTED from src\main\AndroidManifest.xml reason: use-sdk injection requested
INJECTED from src\main\AndroidManifest.xml
INJECTED from src\main\AndroidManifest.xml
MERGED from [com.bugtags.library:bugtags-lib:3.0.0] AndroidManifest.xml:7:5-9:41
MERGED from [com.bugtags.library:bugtags-lib:3.0.0] AndroidManifest.xml:7:5-9:41
MERGED from [io.reactivex:rxandroid:1.2.1] AndroidManifest.xml:19:5-43
MERGED from [io.reactivex:rxandroid:1.2.1] AndroidManifest.xml:19:5-43
MERGED from [cn.carbs.android:AvatarImageView:1.0.4] AndroidManifest.xml:8:5-10:41
MERGED from [cn.carbs.android:AvatarImageView:1.0.4] AndroidManifest.xml:8:5-10:41
MERGED from [com.zzhoujay.markdown:markdown:1.0.5] AndroidManifest.xml:8:5-10:41
MERGED from [com.zzhoujay.markdown:markdown:1.0.5] AndroidManifest.xml:8:5-10:41
MERGED from [com.android.support:multidex:1.0.1] AndroidManifest.xml:18:5-42
MERGED from [com.android.support:multidex:1.0.1] AndroidManifest.xml:18:5-42
MERGED from [com.bennyhuo.swipefinishable:swipefinishable:1.0-rc2] AndroidManifest.xml:7:5-9:41
MERGED from [com.bennyhuo.swipefinishable:swipefinishable:1.0-rc2] AndroidManifest.xml:7:5-9:41
MERGED from [com.airbnb.android:lottie:2.0.0-beta4] AndroidManifest.xml:6:5-8:41
MERGED from [com.airbnb.android:lottie:2.0.0-beta4] AndroidManifest.xml:6:5-8:41
MERGED from [jp.wasabeef:glide-transformations:2.0.2] AndroidManifest.xml:8:5-10:41
MERGED from [jp.wasabeef:glide-transformations:2.0.2] AndroidManifest.xml:8:5-10:41
MERGED from [com.yanzhenjie:sofia:1.0.5] AndroidManifest.xml:20:5-22:41
MERGED from [com.yanzhenjie:sofia:1.0.5] AndroidManifest.xml:20:5-22:41
MERGED from [com.scwang.smartrefresh:SmartRefreshLayout:1.0.4] AndroidManifest.xml:7:5-9:41
MERGED from [com.scwang.smartrefresh:SmartRefreshLayout:1.0.4] AndroidManifest.xml:7:5-9:41
MERGED from [com.scwang.smartrefresh:SmartRefreshHeader:1.0.4] AndroidManifest.xml:7:5-9:41
MERGED from [com.scwang.smartrefresh:SmartRefreshHeader:1.0.4] AndroidManifest.xml:7:5-9:41
MERGED from [com.android.support:design:27.0.0] AndroidManifest.xml:20:5-44
MERGED from [com.android.support:design:27.0.0] AndroidManifest.xml:20:5-44
MERGED from [com.android.support:appcompat-v7:27.0.0] AndroidManifest.xml:20:5-44
MERGED from [com.android.support:appcompat-v7:27.0.0] AndroidManifest.xml:20:5-44
MERGED from [com.android.support.constraint:constraint-layout:1.1.3] AndroidManifest.xml:5:5-7:41
MERGED from [com.android.support.constraint:constraint-layout:1.1.3] AndroidManifest.xml:5:5-7:41
MERGED from [jp.co.cyberagent.android.gpuimage:gpuimage-library:1.4.1] AndroidManifest.xml:8:5-10:41
MERGED from [jp.co.cyberagent.android.gpuimage:gpuimage-library:1.4.1] AndroidManifest.xml:8:5-10:41
MERGED from [com.android.support:support-v4:27.0.0] AndroidManifest.xml:20:5-44
MERGED from [com.android.support:support-v4:27.0.0] AndroidManifest.xml:20:5-44
MERGED from [com.android.support:recyclerview-v7:27.0.0] AndroidManifest.xml:20:5-44
MERGED from [com.android.support:recyclerview-v7:27.0.0] AndroidManifest.xml:20:5-44
MERGED from [com.android.support:transition:27.0.0] AndroidManifest.xml:20:5-44
MERGED from [com.android.support:transition:27.0.0] AndroidManifest.xml:20:5-44
MERGED from [com.android.support:support-fragment:27.0.0] AndroidManifest.xml:20:5-44
MERGED from [com.android.support:support-fragment:27.0.0] AndroidManifest.xml:20:5-44
MERGED from [com.android.support:animated-vector-drawable:27.0.0] AndroidManifest.xml:20:5-44
MERGED from [com.android.support:animated-vector-drawable:27.0.0] AndroidManifest.xml:20:5-44
MERGED from [com.android.support:support-core-ui:27.0.0] AndroidManifest.xml:20:5-44
MERGED from [com.android.support:support-core-ui:27.0.0] AndroidManifest.xml:20:5-44
MERGED from [com.android.support:support-core-utils:27.0.0] AndroidManifest.xml:20:5-44
MERGED from [com.android.support:support-core-utils:27.0.0] AndroidManifest.xml:20:5-44
MERGED from [com.android.support:support-vector-drawable:27.0.0] AndroidManifest.xml:20:5-44
MERGED from [com.android.support:support-vector-drawable:27.0.0] AndroidManifest.xml:20:5-44
MERGED from [com.android.support:support-media-compat:27.0.0] AndroidManifest.xml:20:5-44
MERGED from [com.android.support:support-media-compat:27.0.0] AndroidManifest.xml:20:5-44
MERGED from [com.android.support:support-compat:27.0.0] AndroidManifest.xml:20:5-44
MERGED from [com.android.support:support-compat:27.0.0] AndroidManifest.xml:20:5-44
MERGED from [android.arch.lifecycle:runtime:1.0.0] AndroidManifest.xml:20:5-22:41
MERGED from [android.arch.lifecycle:runtime:1.0.0] AndroidManifest.xml:20:5-22:41
INJECTED from src\main\AndroidManifest.xml
INJECTED from src\main\AndroidManifest.xml
	android:targetSdkVersion
		INJECTED from src\main\AndroidManifest.xml
		ADDED from src\main\AndroidManifest.xml
		INJECTED from src\main\AndroidManifest.xml
	android:minSdkVersion
		INJECTED from src\main\AndroidManifest.xml
		ADDED from src\main\AndroidManifest.xml
		INJECTED from src\main\AndroidManifest.xml
uses-permission#android.permission.SYSTEM_ALERT_WINDOW
ADDED from [com.bugtags.library:bugtags-lib:3.0.0] AndroidManifest.xml:11:5-78
	android:name
		ADDED from [com.bugtags.library:bugtags-lib:3.0.0] AndroidManifest.xml:11:22-75
uses-feature#android.hardware.location.gps
ADDED from [com.bugtags.library:bugtags-lib:3.0.0] AndroidManifest.xml:13:5-15:36
	android:required
		ADDED from [com.bugtags.library:bugtags-lib:3.0.0] AndroidManifest.xml:15:9-33
	android:name
		ADDED from [com.bugtags.library:bugtags-lib:3.0.0] AndroidManifest.xml:14:9-53
uses-feature#android.hardware.location.network
ADDED from [com.bugtags.library:bugtags-lib:3.0.0] AndroidManifest.xml:16:5-18:36
	android:required
		ADDED from [com.bugtags.library:bugtags-lib:3.0.0] AndroidManifest.xml:18:9-33
	android:name
		ADDED from [com.bugtags.library:bugtags-lib:3.0.0] AndroidManifest.xml:17:9-57
uses-permission#android.permission.ACCESS_FINE_LOCATION
ADDED from [com.bugtags.library:bugtags-lib:3.0.0] AndroidManifest.xml:20:5-79
	android:name
		ADDED from [com.bugtags.library:bugtags-lib:3.0.0] AndroidManifest.xml:20:22-76
uses-permission#android.permission.ACCESS_COARSE_LOCATION
ADDED from [com.bugtags.library:bugtags-lib:3.0.0] AndroidManifest.xml:21:5-81
	android:name
		ADDED from [com.bugtags.library:bugtags-lib:3.0.0] AndroidManifest.xml:21:22-78
uses-permission#android.permission.WRITE_EXTERNAL_STORAGE
ADDED from [com.bugtags.library:bugtags-lib:3.0.0] AndroidManifest.xml:25:5-81
	android:name
		ADDED from [com.bugtags.library:bugtags-lib:3.0.0] AndroidManifest.xml:25:22-78
uses-permission#android.permission.READ_EXTERNAL_STORAGE
ADDED from [com.bugtags.library:bugtags-lib:3.0.0] AndroidManifest.xml:26:5-80
	android:name
		ADDED from [com.bugtags.library:bugtags-lib:3.0.0] AndroidManifest.xml:26:22-77
activity#com.bugtags.library.BugtagsActivity
ADDED from [com.bugtags.library:bugtags-lib:3.0.0] AndroidManifest.xml:30:9-33:86
	android:configChanges
		ADDED from [com.bugtags.library:bugtags-lib:3.0.0] AndroidManifest.xml:32:13-74
	android:theme
		ADDED from [com.bugtags.library:bugtags-lib:3.0.0] AndroidManifest.xml:33:13-83
	android:name
		ADDED from [com.bugtags.library:bugtags-lib:3.0.0] AndroidManifest.xml:31:13-63
service#com.bugtags.library.BugtagsService
ADDED from [com.bugtags.library:bugtags-lib:3.0.0] AndroidManifest.xml:35:9-70
	android:name
		ADDED from [com.bugtags.library:bugtags-lib:3.0.0] AndroidManifest.xml:35:18-67
receiver#com.bugtags.library.BugtagsReceiver
ADDED from [com.bugtags.library:bugtags-lib:3.0.0] AndroidManifest.xml:37:9-41:20
	android:name
		ADDED from [com.bugtags.library:bugtags-lib:3.0.0] AndroidManifest.xml:37:19-69
intent-filter#action:name:android.net.conn.CONNECTIVITY_CHANGE
ADDED from [com.bugtags.library:bugtags-lib:3.0.0] AndroidManifest.xml:38:13-40:29
action#android.net.conn.CONNECTIVITY_CHANGE
ADDED from [com.bugtags.library:bugtags-lib:3.0.0] AndroidManifest.xml:39:17-79
	android:name
		ADDED from [com.bugtags.library:bugtags-lib:3.0.0] AndroidManifest.xml:39:25-76
meta-data#android.arch.lifecycle.VERSION
ADDED from [android.arch.lifecycle:runtime:1.0.0] AndroidManifest.xml:25:9-27:47
	android:value
		ADDED from [android.arch.lifecycle:runtime:1.0.0] AndroidManifest.xml:27:13-44
	android:name
		ADDED from [android.arch.lifecycle:runtime:1.0.0] AndroidManifest.xml:26:13-58